<?xml version="1.0" encoding="iso-8859-1"?>
<ivy-module version="2.0">
  <info organisation="junit.org" module="junit" revision="4.8.2" publication="20100225011200">
    <license name="MIT License" url="http://www.opensource.org/licenses/mit-license.php" />
    <ivyauthor name="KentBeck" url="http://www.threeriversinstitute.org/Kent%20Beck.htm" />
    <description homepage="http://junit.org/" />
  </info>
  <configurations>
    <conf name="test" />
    <conf name="sources" />
  </configurations>
  <publications>
    <artifact conf="test" url="http://cloud.github.com/downloads/KentBeck/junit/junit-4.8.2.jar" />
    <artifact conf="sources" url="http://cloud.github.com/downloads/KentBeck/junit/junit-4.8.2-src.jar" />
  </publications>
</ivy-module>
